<?xml version="1.0" encoding="UTF-8"?>
<testsuite name="SillyTest" tests="5" skipped="0" failures="0" errors="0" timestamp="2022-09-19T03:13:31" hostname="Naraes-MacBook-Pro.local" time="0.034">
  <properties/>
  <testcase name="testTask1" classname="SillyTest" time="0.02"/>
  <testcase name="testTask2" classname="SillyTest" time="0.011"/>
  <testcase name="testTask3" classname="SillyTest" time="0.001"/>
  <testcase name="testTask4" classname="SillyTest" time="0.0"/>
  <testcase name="testTask5" classname="SillyTest" time="0.001"/>
  <system-out><![CDATA[]]></system-out>
  <system-err><![CDATA[]]></system-err>
</testsuite>
